<?xml version="1.0" encoding="UTF-8"?>
<testng-results skipped="0" failed="0" ignored="0" total="0" passed="0">
  <reporter-output>
  </reporter-output>
  <suite name="Surefire suite" duration-ms="2" started-at="2022-09-13T13:32:07Z" finished-at="2022-09-13T13:32:07Z">
    <groups>
    </groups>
    <test name="Surefire test" duration-ms="2" started-at="2022-09-13T13:32:07Z" finished-at="2022-09-13T13:32:07Z">
      <class name="demoCitrus.TestHttpHelper">
        <test-method status="PASS" signature="beforeSuite(org.testng.ITestContext)[pri:0, instance:demoCitrus.TestHttpHelper@5158b42f]" name="beforeSuite" is-config="true" duration-ms="940" started-at="2022-09-13T16:32:06Z" finished-at="2022-09-13T16:32:07Z">
          <params>
            <param index="0">
              <value>
                <![CDATA[org.testng.TestRunner@2ca65ce4]]>
              </value>
            </param>
          </params>
          <reporter-output>
          </reporter-output>
        </test-method> <!-- beforeSuite -->
        <test-method status="PASS" signature="afterSuite(org.testng.ITestContext)[pri:0, instance:demoCitrus.TestHttpHelper@5158b42f]" name="afterSuite" is-config="true" duration-ms="23" started-at="2022-09-13T16:32:07Z" finished-at="2022-09-13T16:32:07Z">
          <params>
            <param index="0">
              <value>
                <![CDATA[org.testng.TestRunner@2ca65ce4]]>
              </value>
            </param>
          </params>
          <reporter-output>
          </reporter-output>
        </test-method> <!-- afterSuite -->
      </class> <!-- demoCitrus.TestHttpHelper -->
    </test> <!-- Surefire test -->
  </suite> <!-- Surefire suite -->
</testng-results>
